===== Running ECC Benchmarking with Report Generation =====
ECC Analysis Framework
====================================
Output directory: /mnt/d/proj/ecc/results

Auto-detected optimal workers: 12
System: 16 CPU cores, 58.9 GB RAM
Parallel mode: Processes
📋 Total configurations to test: 416
🔧 ECC Types: ['ParityECC', 'HammingSECDEDECC', 'RepetitionECC', 'BCHECC', 'ReedSolomonECC', 'CRCECC', 'GolayECC', 'LDPCECC', 'TurboECC', 'ConvolutionalECC', 'PolarECC', 'ExtendedHammingECC', 'ProductCodeECC', 'ConcatenatedECC', 'ReedMullerECC', 'FireCodeECC', 'SpatiallyCoupledLDPCECC', 'NonBinaryLDPCECC', 'RaptorCodeECC', 'CompositeECC', 'SystemECC', 'AdaptiveECC', 'ThreeDMemoryECC', 'PrimarySecondaryECC', 'CyclicECC', 'BurstErrorECC']
📏 Word Lengths: [4, 8, 16, 32]
⚠️  Error Patterns: ['single', 'double', 'burst', 'random']
🔄 Trials per configuration: 1000

⏭️  Skipping ParityECC (4 bits, single errors) - already exists
⏭️  Skipping ParityECC (4 bits, double errors) - already exists
⏭️  Skipping ParityECC (4 bits, burst errors) - already exists
⏭️  Skipping ParityECC (4 bits, random errors) - already exists
⏭️  Skipping ParityECC (8 bits, single errors) - already exists
⏭️  Skipping ParityECC (8 bits, double errors) - already exists
⏭️  Skipping ParityECC (8 bits, burst errors) - already exists
⏭️  Skipping ParityECC (8 bits, random errors) - already exists
⏭️  Skipping ParityECC (16 bits, single errors) - already exists
⏭️  Skipping ParityECC (16 bits, double errors) - already exists
⏭️  Skipping ParityECC (16 bits, burst errors) - already exists
⏭️  Skipping ParityECC (16 bits, random errors) - already exists
⏭️  Skipping ParityECC (32 bits, single errors) - already exists
⏭️  Skipping ParityECC (32 bits, double errors) - already exists
⏭️  Skipping ParityECC (32 bits, burst errors) - already exists
⏭️  Skipping ParityECC (32 bits, random errors) - already exists
⏭️  Skipping HammingSECDEDECC (4 bits, single errors) - already exists
⏭️  Skipping HammingSECDEDECC (4 bits, double errors) - already exists
⏭️  Skipping HammingSECDEDECC (4 bits, burst errors) - already exists
⏭️  Skipping HammingSECDEDECC (4 bits, random errors) - already exists
⏭️  Skipping HammingSECDEDECC (8 bits, single errors) - already exists
⏭️  Skipping HammingSECDEDECC (8 bits, double errors) - already exists
⏭️  Skipping HammingSECDEDECC (8 bits, burst errors) - already exists
⏭️  Skipping HammingSECDEDECC (8 bits, random errors) - already exists
⏭️  Skipping HammingSECDEDECC (16 bits, single errors) - already exists
⏭️  Skipping HammingSECDEDECC (16 bits, double errors) - already exists
⏭️  Skipping HammingSECDEDECC (16 bits, burst errors) - already exists
⏭️  Skipping HammingSECDEDECC (16 bits, random errors) - already exists
⏭️  Skipping HammingSECDEDECC (32 bits, single errors) - already exists
⏭️  Skipping HammingSECDEDECC (32 bits, double errors) - already exists
⏭️  Skipping HammingSECDEDECC (32 bits, burst errors) - already exists
⏭️  Skipping HammingSECDEDECC (32 bits, random errors) - already exists
⏭️  Skipping RepetitionECC (4 bits, single errors) - already exists
⏭️  Skipping RepetitionECC (4 bits, double errors) - already exists
⏭️  Skipping RepetitionECC (4 bits, burst errors) - already exists
⏭️  Skipping RepetitionECC (4 bits, random errors) - already exists
⏭️  Skipping RepetitionECC (8 bits, single errors) - already exists
⏭️  Skipping RepetitionECC (8 bits, double errors) - already exists
⏭️  Skipping RepetitionECC (8 bits, burst errors) - already exists
⏭️  Skipping RepetitionECC (8 bits, random errors) - already exists
⏭️  Skipping RepetitionECC (16 bits, single errors) - already exists
⏭️  Skipping RepetitionECC (16 bits, double errors) - already exists
⏭️  Skipping RepetitionECC (16 bits, burst errors) - already exists
⏭️  Skipping RepetitionECC (16 bits, random errors) - already exists
⏭️  Skipping RepetitionECC (32 bits, single errors) - already exists
⏭️  Skipping RepetitionECC (32 bits, double errors) - already exists
⏭️  Skipping RepetitionECC (32 bits, burst errors) - already exists
⏭️  Skipping RepetitionECC (32 bits, random errors) - already exists
⏭️  Skipping BCHECC (4 bits, single errors) - already exists
⏭️  Skipping BCHECC (4 bits, double errors) - already exists
⏭️  Skipping BCHECC (4 bits, burst errors) - already exists
⏭️  Skipping BCHECC (4 bits, random errors) - already exists
⏭️  Skipping BCHECC (8 bits, single errors) - already exists
⏭️  Skipping BCHECC (8 bits, double errors) - already exists
⏭️  Skipping BCHECC (8 bits, burst errors) - already exists
⏭️  Skipping BCHECC (8 bits, random errors) - already exists
⏭️  Skipping BCHECC (16 bits, single errors) - already exists
⏭️  Skipping BCHECC (16 bits, double errors) - already exists
⏭️  Skipping BCHECC (16 bits, burst errors) - already exists
⏭️  Skipping BCHECC (16 bits, random errors) - already exists
⏭️  Skipping BCHECC (32 bits, single errors) - already exists
⏭️  Skipping BCHECC (32 bits, double errors) - already exists
⏭️  Skipping BCHECC (32 bits, burst errors) - already exists
⏭️  Skipping BCHECC (32 bits, random errors) - already exists
⏭️  Skipping ReedSolomonECC (4 bits, single errors) - already exists
⏭️  Skipping ReedSolomonECC (4 bits, double errors) - already exists
⏭️  Skipping ReedSolomonECC (4 bits, burst errors) - already exists
⏭️  Skipping ReedSolomonECC (4 bits, random errors) - already exists
⏭️  Skipping ReedSolomonECC (8 bits, single errors) - already exists
⏭️  Skipping ReedSolomonECC (8 bits, double errors) - already exists
⏭️  Skipping ReedSolomonECC (8 bits, burst errors) - already exists
⏭️  Skipping ReedSolomonECC (8 bits, random errors) - already exists
⏭️  Skipping ReedSolomonECC (16 bits, single errors) - already exists
⏭️  Skipping ReedSolomonECC (16 bits, double errors) - already exists
⏭️  Skipping ReedSolomonECC (16 bits, burst errors) - already exists
⏭️  Skipping ReedSolomonECC (16 bits, random errors) - already exists
⏭️  Skipping ReedSolomonECC (32 bits, single errors) - already exists
⏭️  Skipping ReedSolomonECC (32 bits, double errors) - already exists
⏭️  Skipping ReedSolomonECC (32 bits, burst errors) - already exists
⏭️  Skipping ReedSolomonECC (32 bits, random errors) - already exists
⏭️  Skipping CRCECC (4 bits, single errors) - already exists
⏭️  Skipping CRCECC (4 bits, double errors) - already exists
⏭️  Skipping CRCECC (4 bits, burst errors) - already exists
⏭️  Skipping CRCECC (4 bits, random errors) - already exists
⏭️  Skipping CRCECC (8 bits, single errors) - already exists
⏭️  Skipping CRCECC (8 bits, double errors) - already exists
⏭️  Skipping CRCECC (8 bits, burst errors) - already exists
⏭️  Skipping CRCECC (8 bits, random errors) - already exists
⏭️  Skipping CRCECC (16 bits, single errors) - already exists
⏭️  Skipping CRCECC (16 bits, double errors) - already exists
⏭️  Skipping CRCECC (16 bits, burst errors) - already exists
⏭️  Skipping CRCECC (16 bits, random errors) - already exists
⏭️  Skipping CRCECC (32 bits, single errors) - already exists
⏭️  Skipping CRCECC (32 bits, double errors) - already exists
⏭️  Skipping CRCECC (32 bits, burst errors) - already exists
⏭️  Skipping CRCECC (32 bits, random errors) - already exists
⏭️  Skipping GolayECC (4 bits, single errors) - already exists
⏭️  Skipping GolayECC (4 bits, double errors) - already exists
⏭️  Skipping GolayECC (4 bits, burst errors) - already exists
⏭️  Skipping GolayECC (4 bits, random errors) - already exists
⏭️  Skipping GolayECC (8 bits, single errors) - already exists
⏭️  Skipping GolayECC (8 bits, double errors) - already exists
⏭️  Skipping GolayECC (8 bits, burst errors) - already exists
⏭️  Skipping GolayECC (8 bits, random errors) - already exists
⏭️  Skipping GolayECC (16 bits, single errors) - already exists
⏭️  Skipping GolayECC (16 bits, double errors) - already exists
⏭️  Skipping GolayECC (16 bits, burst errors) - already exists
⏭️  Skipping GolayECC (16 bits, random errors) - already exists
⏭️  Skipping GolayECC (32 bits, single errors) - already exists
⏭️  Skipping GolayECC (32 bits, double errors) - already exists
⏭️  Skipping GolayECC (32 bits, burst errors) - already exists
⏭️  Skipping GolayECC (32 bits, random errors) - already exists
⏭️  Skipping LDPCECC (4 bits, single errors) - already exists
⏭️  Skipping LDPCECC (4 bits, double errors) - already exists
⏭️  Skipping LDPCECC (4 bits, burst errors) - already exists
⏭️  Skipping LDPCECC (4 bits, random errors) - already exists
⏭️  Skipping LDPCECC (8 bits, single errors) - already exists
⏭️  Skipping LDPCECC (8 bits, double errors) - already exists
⏭️  Skipping LDPCECC (8 bits, burst errors) - already exists
⏭️  Skipping LDPCECC (8 bits, random errors) - already exists
⏭️  Skipping LDPCECC (16 bits, single errors) - already exists
⏭️  Skipping LDPCECC (16 bits, double errors) - already exists
⏭️  Skipping LDPCECC (16 bits, burst errors) - already exists
⏭️  Skipping LDPCECC (16 bits, random errors) - already exists
⏭️  Skipping LDPCECC (32 bits, single errors) - already exists
⏭️  Skipping LDPCECC (32 bits, double errors) - already exists
⏭️  Skipping LDPCECC (32 bits, burst errors) - already exists
⏭️  Skipping LDPCECC (32 bits, random errors) - already exists
⏭️  Skipping TurboECC (4 bits, single errors) - already exists
⏭️  Skipping TurboECC (4 bits, double errors) - already exists
⏭️  Skipping TurboECC (4 bits, burst errors) - already exists
⏭️  Skipping TurboECC (4 bits, random errors) - already exists
⏭️  Skipping TurboECC (8 bits, single errors) - already exists
⏭️  Skipping TurboECC (8 bits, double errors) - already exists
⏭️  Skipping TurboECC (8 bits, burst errors) - already exists
⏭️  Skipping TurboECC (8 bits, random errors) - already exists
⏭️  Skipping TurboECC (16 bits, single errors) - already exists
⏭️  Skipping TurboECC (16 bits, double errors) - already exists
⏭️  Skipping TurboECC (16 bits, burst errors) - already exists
⏭️  Skipping TurboECC (16 bits, random errors) - already exists
⏭️  Skipping TurboECC (32 bits, single errors) - already exists
⏭️  Skipping TurboECC (32 bits, double errors) - already exists
⏭️  Skipping TurboECC (32 bits, burst errors) - already exists
⏭️  Skipping TurboECC (32 bits, random errors) - already exists
⏭️  Skipping ConvolutionalECC (4 bits, single errors) - already exists
⏭️  Skipping ConvolutionalECC (4 bits, double errors) - already exists
⏭️  Skipping ConvolutionalECC (4 bits, burst errors) - already exists
⏭️  Skipping ConvolutionalECC (4 bits, random errors) - already exists
⏭️  Skipping ConvolutionalECC (8 bits, single errors) - already exists
⏭️  Skipping ConvolutionalECC (8 bits, double errors) - already exists
⏭️  Skipping ConvolutionalECC (8 bits, burst errors) - already exists
⏭️  Skipping ConvolutionalECC (8 bits, random errors) - already exists
⏭️  Skipping ConvolutionalECC (16 bits, single errors) - already exists
⏭️  Skipping ConvolutionalECC (16 bits, double errors) - already exists
⏭️  Skipping ConvolutionalECC (16 bits, burst errors) - already exists
⏭️  Skipping ConvolutionalECC (16 bits, random errors) - already exists
⏭️  Skipping ConvolutionalECC (32 bits, single errors) - already exists
⏭️  Skipping ConvolutionalECC (32 bits, double errors) - already exists
⏭️  Skipping ConvolutionalECC (32 bits, burst errors) - already exists
⏭️  Skipping ConvolutionalECC (32 bits, random errors) - already exists
⏭️  Skipping PolarECC (4 bits, single errors) - already exists
⏭️  Skipping PolarECC (4 bits, double errors) - already exists
⏭️  Skipping PolarECC (4 bits, burst errors) - already exists
⏭️  Skipping PolarECC (4 bits, random errors) - already exists
⏭️  Skipping PolarECC (8 bits, single errors) - already exists
⏭️  Skipping PolarECC (8 bits, double errors) - already exists
⏭️  Skipping PolarECC (8 bits, burst errors) - already exists
⏭️  Skipping PolarECC (8 bits, random errors) - already exists
⏭️  Skipping PolarECC (16 bits, single errors) - already exists
⏭️  Skipping PolarECC (16 bits, double errors) - already exists
⏭️  Skipping PolarECC (16 bits, burst errors) - already exists
⏭️  Skipping PolarECC (16 bits, random errors) - already exists
⏭️  Skipping PolarECC (32 bits, single errors) - already exists
⏭️  Skipping PolarECC (32 bits, double errors) - already exists
⏭️  Skipping PolarECC (32 bits, burst errors) - already exists
⏭️  Skipping PolarECC (32 bits, random errors) - already exists
⏭️  Skipping ExtendedHammingECC (4 bits, single errors) - already exists
⏭️  Skipping ExtendedHammingECC (4 bits, double errors) - already exists
⏭️  Skipping ExtendedHammingECC (4 bits, burst errors) - already exists
⏭️  Skipping ExtendedHammingECC (4 bits, random errors) - already exists
⏭️  Skipping ExtendedHammingECC (8 bits, single errors) - already exists
⏭️  Skipping ExtendedHammingECC (8 bits, double errors) - already exists
⏭️  Skipping ExtendedHammingECC (8 bits, burst errors) - already exists
⏭️  Skipping ExtendedHammingECC (8 bits, random errors) - already exists
⏭️  Skipping ExtendedHammingECC (16 bits, single errors) - already exists
⏭️  Skipping ExtendedHammingECC (16 bits, double errors) - already exists
⏭️  Skipping ExtendedHammingECC (16 bits, burst errors) - already exists
⏭️  Skipping ExtendedHammingECC (16 bits, random errors) - already exists
⏭️  Skipping ExtendedHammingECC (32 bits, single errors) - already exists
⏭️  Skipping ExtendedHammingECC (32 bits, double errors) - already exists
⏭️  Skipping ExtendedHammingECC (32 bits, burst errors) - already exists
⏭️  Skipping ExtendedHammingECC (32 bits, random errors) - already exists
⏭️  Skipping ProductCodeECC (4 bits, single errors) - already exists
⏭️  Skipping ProductCodeECC (4 bits, double errors) - already exists
⏭️  Skipping ProductCodeECC (4 bits, burst errors) - already exists
⏭️  Skipping ProductCodeECC (4 bits, random errors) - already exists
⏭️  Skipping ProductCodeECC (8 bits, single errors) - already exists
⏭️  Skipping ProductCodeECC (8 bits, double errors) - already exists
⏭️  Skipping ProductCodeECC (8 bits, burst errors) - already exists
⏭️  Skipping ProductCodeECC (8 bits, random errors) - already exists
⏭️  Skipping ProductCodeECC (16 bits, single errors) - already exists
⏭️  Skipping ProductCodeECC (16 bits, double errors) - already exists
⏭️  Skipping ProductCodeECC (16 bits, burst errors) - already exists
⏭️  Skipping ProductCodeECC (16 bits, random errors) - already exists
⏭️  Skipping ProductCodeECC (32 bits, single errors) - already exists
⏭️  Skipping ProductCodeECC (32 bits, double errors) - already exists
⏭️  Skipping ProductCodeECC (32 bits, burst errors) - already exists
⏭️  Skipping ProductCodeECC (32 bits, random errors) - already exists
⏭️  Skipping ConcatenatedECC (4 bits, single errors) - already exists
⏭️  Skipping ConcatenatedECC (4 bits, double errors) - already exists
⏭️  Skipping ConcatenatedECC (4 bits, burst errors) - already exists
⏭️  Skipping ConcatenatedECC (4 bits, random errors) - already exists
⏭️  Skipping ConcatenatedECC (8 bits, single errors) - already exists
⏭️  Skipping ConcatenatedECC (8 bits, double errors) - already exists
⏭️  Skipping ConcatenatedECC (8 bits, burst errors) - already exists
⏭️  Skipping ConcatenatedECC (8 bits, random errors) - already exists
⏭️  Skipping ConcatenatedECC (16 bits, single errors) - already exists
⏭️  Skipping ConcatenatedECC (16 bits, double errors) - already exists
⏭️  Skipping ConcatenatedECC (16 bits, burst errors) - already exists
⏭️  Skipping ConcatenatedECC (16 bits, random errors) - already exists
⏭️  Skipping ConcatenatedECC (32 bits, single errors) - already exists
⏭️  Skipping ConcatenatedECC (32 bits, double errors) - already exists
⏭️  Skipping ConcatenatedECC (32 bits, burst errors) - already exists
⏭️  Skipping ConcatenatedECC (32 bits, random errors) - already exists
⏭️  Skipping ReedMullerECC (4 bits, single errors) - already exists
⏭️  Skipping ReedMullerECC (4 bits, double errors) - already exists
⏭️  Skipping ReedMullerECC (4 bits, burst errors) - already exists
⏭️  Skipping ReedMullerECC (4 bits, random errors) - already exists
⏭️  Skipping ReedMullerECC (8 bits, single errors) - already exists
⏭️  Skipping ReedMullerECC (8 bits, double errors) - already exists
⏭️  Skipping ReedMullerECC (8 bits, burst errors) - already exists
⏭️  Skipping ReedMullerECC (8 bits, random errors) - already exists
⏭️  Skipping ReedMullerECC (16 bits, single errors) - already exists
⏭️  Skipping ReedMullerECC (16 bits, double errors) - already exists
⏭️  Skipping ReedMullerECC (16 bits, burst errors) - already exists
⏭️  Skipping ReedMullerECC (16 bits, random errors) - already exists
⏭️  Skipping ReedMullerECC (32 bits, single errors) - already exists
⏭️  Skipping ReedMullerECC (32 bits, double errors) - already exists
⏭️  Skipping ReedMullerECC (32 bits, burst errors) - already exists
⏭️  Skipping ReedMullerECC (32 bits, random errors) - already exists
⏭️  Skipping SpatiallyCoupledLDPCECC (4 bits, single errors) - already exists
⏭️  Skipping SpatiallyCoupledLDPCECC (4 bits, double errors) - already exists
⏭️  Skipping SpatiallyCoupledLDPCECC (4 bits, burst errors) - already exists
⏭️  Skipping SpatiallyCoupledLDPCECC (4 bits, random errors) - already exists
⏭️  Skipping SpatiallyCoupledLDPCECC (8 bits, single errors) - already exists
⏭️  Skipping SpatiallyCoupledLDPCECC (8 bits, double errors) - already exists
⏭️  Skipping SpatiallyCoupledLDPCECC (8 bits, burst errors) - already exists
⏭️  Skipping SpatiallyCoupledLDPCECC (8 bits, random errors) - already exists
⏭️  Skipping SpatiallyCoupledLDPCECC (16 bits, single errors) - already exists
⏭️  Skipping SpatiallyCoupledLDPCECC (16 bits, double errors) - already exists
⏭️  Skipping SpatiallyCoupledLDPCECC (16 bits, burst errors) - already exists
⏭️  Skipping SpatiallyCoupledLDPCECC (16 bits, random errors) - already exists
⏭️  Skipping SpatiallyCoupledLDPCECC (32 bits, single errors) - already exists
⏭️  Skipping SpatiallyCoupledLDPCECC (32 bits, double errors) - already exists
⏭️  Skipping SpatiallyCoupledLDPCECC (32 bits, burst errors) - already exists
⏭️  Skipping SpatiallyCoupledLDPCECC (32 bits, random errors) - already exists
⏭️  Skipping NonBinaryLDPCECC (4 bits, single errors) - already exists
⏭️  Skipping NonBinaryLDPCECC (4 bits, double errors) - already exists
⏭️  Skipping NonBinaryLDPCECC (4 bits, burst errors) - already exists
⏭️  Skipping NonBinaryLDPCECC (4 bits, random errors) - already exists
⏭️  Skipping NonBinaryLDPCECC (8 bits, single errors) - already exists
⏭️  Skipping NonBinaryLDPCECC (8 bits, double errors) - already exists
⏭️  Skipping NonBinaryLDPCECC (8 bits, burst errors) - already exists
⏭️  Skipping NonBinaryLDPCECC (8 bits, random errors) - already exists
⏭️  Skipping NonBinaryLDPCECC (16 bits, single errors) - already exists
⏭️  Skipping NonBinaryLDPCECC (16 bits, double errors) - already exists
⏭️  Skipping NonBinaryLDPCECC (16 bits, burst errors) - already exists
⏭️  Skipping NonBinaryLDPCECC (16 bits, random errors) - already exists
⏭️  Skipping NonBinaryLDPCECC (32 bits, single errors) - already exists
⏭️  Skipping NonBinaryLDPCECC (32 bits, double errors) - already exists
⏭️  Skipping NonBinaryLDPCECC (32 bits, burst errors) - already exists
⏭️  Skipping NonBinaryLDPCECC (32 bits, random errors) - already exists
⏭️  Skipping RaptorCodeECC (4 bits, single errors) - already exists
⏭️  Skipping RaptorCodeECC (4 bits, double errors) - already exists
⏭️  Skipping RaptorCodeECC (4 bits, burst errors) - already exists
⏭️  Skipping RaptorCodeECC (4 bits, random errors) - already exists
⏭️  Skipping RaptorCodeECC (8 bits, single errors) - already exists
⏭️  Skipping RaptorCodeECC (8 bits, double errors) - already exists
⏭️  Skipping RaptorCodeECC (8 bits, burst errors) - already exists
⏭️  Skipping RaptorCodeECC (8 bits, random errors) - already exists
⏭️  Skipping RaptorCodeECC (16 bits, single errors) - already exists
⏭️  Skipping RaptorCodeECC (16 bits, double errors) - already exists
⏭️  Skipping RaptorCodeECC (16 bits, burst errors) - already exists
⏭️  Skipping RaptorCodeECC (16 bits, random errors) - already exists
⏭️  Skipping RaptorCodeECC (32 bits, single errors) - already exists
⏭️  Skipping RaptorCodeECC (32 bits, double errors) - already exists
⏭️  Skipping RaptorCodeECC (32 bits, burst errors) - already exists
⏭️  Skipping RaptorCodeECC (32 bits, random errors) - already exists
⏭️  Skipping SystemECC (4 bits, single errors) - already exists
⏭️  Skipping SystemECC (4 bits, double errors) - already exists
⏭️  Skipping SystemECC (4 bits, burst errors) - already exists
⏭️  Skipping SystemECC (4 bits, random errors) - already exists
⏭️  Skipping SystemECC (8 bits, single errors) - already exists
⏭️  Skipping SystemECC (8 bits, double errors) - already exists
⏭️  Skipping SystemECC (8 bits, burst errors) - already exists
⏭️  Skipping SystemECC (8 bits, random errors) - already exists
⏭️  Skipping SystemECC (16 bits, single errors) - already exists
⏭️  Skipping SystemECC (16 bits, double errors) - already exists
⏭️  Skipping SystemECC (16 bits, burst errors) - already exists
⏭️  Skipping SystemECC (16 bits, random errors) - already exists
⏭️  Skipping SystemECC (32 bits, single errors) - already exists
⏭️  Skipping SystemECC (32 bits, double errors) - already exists
⏭️  Skipping SystemECC (32 bits, burst errors) - already exists
⏭️  Skipping SystemECC (32 bits, random errors) - already exists
⏭️  Skipping PrimarySecondaryECC (4 bits, single errors) - already exists
⏭️  Skipping PrimarySecondaryECC (4 bits, double errors) - already exists
⏭️  Skipping PrimarySecondaryECC (4 bits, burst errors) - already exists
⏭️  Skipping PrimarySecondaryECC (4 bits, random errors) - already exists
⏭️  Skipping PrimarySecondaryECC (8 bits, single errors) - already exists
⏭️  Skipping PrimarySecondaryECC (8 bits, double errors) - already exists
⏭️  Skipping PrimarySecondaryECC (8 bits, burst errors) - already exists
⏭️  Skipping PrimarySecondaryECC (8 bits, random errors) - already exists
⏭️  Skipping PrimarySecondaryECC (16 bits, single errors) - already exists
⏭️  Skipping PrimarySecondaryECC (16 bits, double errors) - already exists
⏭️  Skipping PrimarySecondaryECC (16 bits, burst errors) - already exists
⏭️  Skipping PrimarySecondaryECC (16 bits, random errors) - already exists
⏭️  Skipping PrimarySecondaryECC (32 bits, single errors) - already exists
⏭️  Skipping PrimarySecondaryECC (32 bits, double errors) - already exists
⏭️  Skipping PrimarySecondaryECC (32 bits, burst errors) - already exists
⏭️  Skipping PrimarySecondaryECC (32 bits, random errors) - already exists
⏭️  Skipping BurstErrorECC (4 bits, single errors) - already exists
⏭️  Skipping BurstErrorECC (4 bits, double errors) - already exists
⏭️  Skipping BurstErrorECC (4 bits, burst errors) - already exists
⏭️  Skipping BurstErrorECC (4 bits, random errors) - already exists
⏭️  Skipping BurstErrorECC (8 bits, single errors) - already exists
⏭️  Skipping BurstErrorECC (8 bits, double errors) - already exists
⏭️  Skipping BurstErrorECC (8 bits, burst errors) - already exists
⏭️  Skipping BurstErrorECC (8 bits, random errors) - already exists
⏭️  Skipping BurstErrorECC (16 bits, single errors) - already exists
⏭️  Skipping BurstErrorECC (16 bits, double errors) - already exists
⏭️  Skipping BurstErrorECC (16 bits, burst errors) - already exists
⏭️  Skipping BurstErrorECC (16 bits, random errors) - already exists
⏭️  Skipping BurstErrorECC (32 bits, single errors) - already exists
⏭️  Skipping BurstErrorECC (32 bits, double errors) - already exists
⏭️  Skipping BurstErrorECC (32 bits, burst errors) - already exists
⏭️  Skipping BurstErrorECC (32 bits, random errors) - already exists
📋 Skipped 336 existing configurations. Use --overwrite to re-run all.
🎯 Remaining configurations to run: 80

🚀 Starting benchmark execution...
⏱️  Estimated time: ~160 minutes (2 min per config)

🔄 Using ProcessPoolExecutor with 12 workers
Error in benchmark {'id': 0, 'ecc_type_name': 'FireCodeECC', 'word_length': 4, 'error_pattern': 'single', 'trials_per_config': 1000, 'burst_length': 3, 'random_error_prob': 0.1, 'output_dir': 'results'}: FireCodeECC.__init__() got an unexpected keyword argument 'word_length'
Error in benchmark {'id': 12, 'ecc_type_name': 'FireCodeECC', 'word_length': 32, 'error_pattern': 'single', 'trials_per_config': 1000, 'burst_length': 3, 'random_error_prob': 0.1, 'output_dir': 'results'}: FireCodeECC.__init__() got an unexpected keyword argument 'word_length'
Error in benchmark {'id': 13, 'ecc_type_name': 'FireCodeECC', 'word_length': 32, 'error_pattern': 'double', 'trials_per_config': 1000, 'burst_length': 3, 'random_error_prob': 0.1, 'output_dir': 'results'}: FireCodeECC.__init__() got an unexpected keyword argument 'word_length'
Error in benchmark {'id': 14, 'ecc_type_name': 'FireCodeECC', 'word_length': 32, 'error_pattern': 'burst', 'trials_per_config': 1000, 'burst_length': 3, 'random_error_prob': 0.1, 'output_dir': 'results'}: FireCodeECC.__init__() got an unexpected keyword argument 'word_length'
Error in benchmark {'id': 15, 'ecc_type_name': 'FireCodeECC', 'word_length': 32, 'error_pattern': 'random', 'trials_per_config': 1000, 'burst_length': 3, 'random_error_prob': 0.1, 'output_dir': 'results'}: FireCodeECC.__init__() got an unexpected keyword argument 'word_length'
Error in benchmark {'id': 16, 'ecc_type_name': 'CompositeECC', 'word_length': 4, 'error_pattern': 'single', 'trials_per_config': 1000, 'burst_length': 3, 'random_error_prob': 0.1, 'output_dir': 'results'}: CompositeECC.__init__() got an unexpected keyword argument 'word_length'
Error in benchmark {'id': 17, 'ecc_type_name': 'CompositeECC', 'word_length': 4, 'error_pattern': 'double', 'trials_per_config': 1000, 'burst_length': 3, 'random_error_prob': 0.1, 'output_dir': 'results'}: CompositeECC.__init__() got an unexpected keyword argument 'word_length'
Error in benchmark {'id': 18, 'ecc_type_name': 'CompositeECC', 'word_length': 4, 'error_pattern': 'burst', 'trials_per_config': 1000, 'burst_length': 3, 'random_error_prob': 0.1, 'output_dir': 'results'}: CompositeECC.__init__() got an unexpected keyword argument 'word_length'
Error in benchmark {'id': 19, 'ecc_type_name': 'CompositeECC', 'word_length': 4, 'error_pattern': 'random', 'trials_per_config': 1000, 'burst_length': 3, 'random_error_prob': 0.1, 'output_dir': 'results'}: CompositeECC.__init__() got an unexpected keyword argument 'word_length'
Error in benchmark {'id': 20, 'ecc_type_name': 'CompositeECC', 'word_length': 8, 'error_pattern': 'single', 'trials_per_config': 1000, 'burst_length': 3, 'random_error_prob': 0.1, 'output_dir': 'results'}: CompositeECC.__init__() got an unexpected keyword argument 'word_length'
Error in benchmark {'id': 21, 'ecc_type_name': 'CompositeECC', 'word_length': 8, 'error_pattern': 'double', 'trials_per_config': 1000, 'burst_length': 3, 'random_error_prob': 0.1, 'output_dir': 'results'}: CompositeECC.__init__() got an unexpected keyword argument 'word_length'
Error in benchmark {'id': 22, 'ecc_type_name': 'CompositeECC', 'word_length': 8, 'error_pattern': 'burst', 'trials_per_config': 1000, 'burst_length': 3, 'random_error_prob': 0.1, 'output_dir': 'results'}: CompositeECC.__init__() got an unexpected keyword argument 'word_length'
Error in benchmark {'id': 23, 'ecc_type_name': 'CompositeECC', 'word_length': 8, 'error_pattern': 'random', 'trials_per_config': 1000, 'burst_length': 3, 'random_error_prob': 0.1, 'output_dir': 'results'}: CompositeECC.__init__() got an unexpected keyword argument 'word_length'
Error in benchmark {'id': 24, 'ecc_type_name': 'CompositeECC', 'word_length': 16, 'error_pattern': 'single', 'trials_per_config': 1000, 'burst_length': 3, 'random_error_prob': 0.1, 'output_dir': 'results'}: CompositeECC.__init__() got an unexpected keyword argument 'word_length'
Error in benchmark {'id': 25, 'ecc_type_name': 'CompositeECC', 'word_length': 16, 'error_pattern': 'double', 'trials_per_config': 1000, 'burst_length': 3, 'random_error_prob': 0.1, 'output_dir': 'results'}: CompositeECC.__init__() got an unexpected keyword argument 'word_length'
Error in benchmark {'id': 26, 'ecc_type_name': 'CompositeECC', 'word_length': 16, 'error_pattern': 'burst', 'trials_per_config': 1000, 'burst_length': 3, 'random_error_prob': 0.1, 'output_dir': 'results'}: CompositeECC.__init__() got an unexpected keyword argument 'word_length'
Error in benchmark {'id': 27, 'ecc_type_name': 'CompositeECC', 'word_length': 16, 'error_pattern': 'random', 'trials_per_config': 1000, 'burst_length': 3, 'random_error_prob': 0.1, 'output_dir': 'results'}: CompositeECC.__init__() got an unexpected keyword argument 'word_length'
Error in benchmark {'id': 28, 'ecc_type_name': 'CompositeECC', 'word_length': 32, 'error_pattern': 'single', 'trials_per_config': 1000, 'burst_length': 3, 'random_error_prob': 0.1, 'output_dir': 'results'}: CompositeECC.__init__() got an unexpected keyword argument 'word_length'
Error in benchmark {'id': 1, 'ecc_type_name': 'FireCodeECC', 'word_length': 4, 'error_pattern': 'double', 'trials_per_config': 1000, 'burst_length': 3, 'random_error_prob': 0.1, 'output_dir': 'results'}: FireCodeECC.__init__() got an unexpected keyword argument 'word_length'
Error in benchmark {'id': 29, 'ecc_type_name': 'CompositeECC', 'word_length': 32, 'error_pattern': 'double', 'trials_per_config': 1000, 'burst_length': 3, 'random_error_prob': 0.1, 'output_dir': 'results'}: CompositeECC.__init__() got an unexpected keyword argument 'word_length'
Error in benchmark {'id': 6, 'ecc_type_name': 'FireCodeECC', 'word_length': 8, 'error_pattern': 'burst', 'trials_per_config': 1000, 'burst_length': 3, 'random_error_prob': 0.1, 'output_dir': 'results'}: FireCodeECC.__init__() got an unexpected keyword argument 'word_length'
Error in benchmark {'id': 5, 'ecc_type_name': 'FireCodeECC', 'word_length': 8, 'error_pattern': 'double', 'trials_per_config': 1000, 'burst_length': 3, 'random_error_prob': 0.1, 'output_dir': 'results'}: FireCodeECC.__init__() got an unexpected keyword argument 'word_length'
Error in benchmark {'id': 8, 'ecc_type_name': 'FireCodeECC', 'word_length': 16, 'error_pattern': 'single', 'trials_per_config': 1000, 'burst_length': 3, 'random_error_prob': 0.1, 'output_dir': 'results'}: FireCodeECC.__init__() got an unexpected keyword argument 'word_length'
Error in benchmark {'id': 4, 'ecc_type_name': 'FireCodeECC', 'word_length': 8, 'error_pattern': 'single', 'trials_per_config': 1000, 'burst_length': 3, 'random_error_prob': 0.1, 'output_dir': 'results'}: FireCodeECC.__init__() got an unexpected keyword argument 'word_length'
Error in benchmark {'id': 10, 'ecc_type_name': 'FireCodeECC', 'word_length': 16, 'error_pattern': 'burst', 'trials_per_config': 1000, 'burst_length': 3, 'random_error_prob': 0.1, 'output_dir': 'results'}: FireCodeECC.__init__() got an unexpected keyword argument 'word_length'
Error in benchmark {'id': 3, 'ecc_type_name': 'FireCodeECC', 'word_length': 4, 'error_pattern': 'random', 'trials_per_config': 1000, 'burst_length': 3, 'random_error_prob': 0.1, 'output_dir': 'results'}: FireCodeECC.__init__() got an unexpected keyword argument 'word_length'
Error in benchmark {'id': 7, 'ecc_type_name': 'FireCodeECC', 'word_length': 8, 'error_pattern': 'random', 'trials_per_config': 1000, 'burst_length': 3, 'random_error_prob': 0.1, 'output_dir': 'results'}: FireCodeECC.__init__() got an unexpected keyword argument 'word_length'
Error in benchmark {'id': 30, 'ecc_type_name': 'CompositeECC', 'word_length': 32, 'error_pattern': 'burst', 'trials_per_config': 1000, 'burst_length': 3, 'random_error_prob': 0.1, 'output_dir': 'results'}: CompositeECC.__init__() got an unexpected keyword argument 'word_length'
Error in benchmark {'id': 2, 'ecc_type_name': 'FireCodeECC', 'word_length': 4, 'error_pattern': 'burst', 'trials_per_config': 1000, 'burst_length': 3, 'random_error_prob': 0.1, 'output_dir': 'results'}: FireCodeECC.__init__() got an unexpected keyword argument 'word_length'
Error in benchmark {'id': 31, 'ecc_type_name': 'CompositeECC', 'word_length': 32, 'error_pattern': 'random', 'trials_per_config': 1000, 'burst_length': 3, 'random_error_prob': 0.1, 'output_dir': 'results'}: CompositeECC.__init__() got an unexpected keyword argument 'word_length'
Error in benchmark {'id': 33, 'ecc_type_name': 'AdaptiveECC', 'word_length': 4, 'error_pattern': 'double', 'trials_per_config': 1000, 'burst_length': 3, 'random_error_prob': 0.1, 'output_dir': 'results'}: AdaptiveECC.__init__() got an unexpected keyword argument 'word_length'
Error in benchmark {'id': 34, 'ecc_type_name': 'AdaptiveECC', 'word_length': 4, 'error_pattern': 'burst', 'trials_per_config': 1000, 'burst_length': 3, 'random_error_prob': 0.1, 'output_dir': 'results'}: AdaptiveECC.__init__() got an unexpected keyword argument 'word_length'
Error in benchmark {'id': 35, 'ecc_type_name': 'AdaptiveECC', 'word_length': 4, 'error_pattern': 'random', 'trials_per_config': 1000, 'burst_length': 3, 'random_error_prob': 0.1, 'output_dir': 'results'}: AdaptiveECC.__init__() got an unexpected keyword argument 'word_length'
Error in benchmark {'id': 36, 'ecc_type_name': 'AdaptiveECC', 'word_length': 8, 'error_pattern': 'single', 'trials_per_config': 1000, 'burst_length': 3, 'random_error_prob': 0.1, 'output_dir': 'results'}: AdaptiveECC.__init__() got an unexpected keyword argument 'word_length'
Error in benchmark {'id': 32, 'ecc_type_name': 'AdaptiveECC', 'word_length': 4, 'error_pattern': 'single', 'trials_per_config': 1000, 'burst_length': 3, 'random_error_prob': 0.1, 'output_dir': 'results'}: AdaptiveECC.__init__() got an unexpected keyword argument 'word_length'
Error in benchmark {'id': 37, 'ecc_type_name': 'AdaptiveECC', 'word_length': 8, 'error_pattern': 'double', 'trials_per_config': 1000, 'burst_length': 3, 'random_error_prob': 0.1, 'output_dir': 'results'}: AdaptiveECC.__init__() got an unexpected keyword argument 'word_length'
Error in benchmark {'id': 38, 'ecc_type_name': 'AdaptiveECC', 'word_length': 8, 'error_pattern': 'burst', 'trials_per_config': 1000, 'burst_length': 3, 'random_error_prob': 0.1, 'output_dir': 'results'}: AdaptiveECC.__init__() got an unexpected keyword argument 'word_length'
Error in benchmark {'id': 39, 'ecc_type_name': 'AdaptiveECC', 'word_length': 8, 'error_pattern': 'random', 'trials_per_config': 1000, 'burst_length': 3, 'random_error_prob': 0.1, 'output_dir': 'results'}: AdaptiveECC.__init__() got an unexpected keyword argument 'word_length'
Error in benchmark {'id': 40, 'ecc_type_name': 'AdaptiveECC', 'word_length': 16, 'error_pattern': 'single', 'trials_per_config': 1000, 'burst_length': 3, 'random_error_prob': 0.1, 'output_dir': 'results'}: AdaptiveECC.__init__() got an unexpected keyword argument 'word_length'
Error in benchmark {'id': 11, 'ecc_type_name': 'FireCodeECC', 'word_length': 16, 'error_pattern': 'random', 'trials_per_config': 1000, 'burst_length': 3, 'random_error_prob': 0.1, 'output_dir': 'results'}: FireCodeECC.__init__() got an unexpected keyword argument 'word_length'
Error in benchmark {'id': 41, 'ecc_type_name': 'AdaptiveECC', 'word_length': 16, 'error_pattern': 'double', 'trials_per_config': 1000, 'burst_length': 3, 'random_error_prob': 0.1, 'output_dir': 'results'}: AdaptiveECC.__init__() got an unexpected keyword argument 'word_length'
Error in benchmark {'id': 43, 'ecc_type_name': 'AdaptiveECC', 'word_length': 16, 'error_pattern': 'random', 'trials_per_config': 1000, 'burst_length': 3, 'random_error_prob': 0.1, 'output_dir': 'results'}: AdaptiveECC.__init__() got an unexpected keyword argument 'word_length'
Error in benchmark {'id': 9, 'ecc_type_name': 'FireCodeECC', 'word_length': 16, 'error_pattern': 'double', 'trials_per_config': 1000, 'burst_length': 3, 'random_error_prob': 0.1, 'output_dir': 'results'}: FireCodeECC.__init__() got an unexpected keyword argument 'word_length'
Error in benchmark {'id': 42, 'ecc_type_name': 'AdaptiveECC', 'word_length': 16, 'error_pattern': 'burst', 'trials_per_config': 1000, 'burst_length': 3, 'random_error_prob': 0.1, 'output_dir': 'results'}: AdaptiveECC.__init__() got an unexpected keyword argument 'word_length'
Error in benchmark {'id': 44, 'ecc_type_name': 'AdaptiveECC', 'word_length': 32, 'error_pattern': 'single', 'trials_per_config': 1000, 'burst_length': 3, 'random_error_prob': 0.1, 'output_dir': 'results'}: AdaptiveECC.__init__() got an unexpected keyword argument 'word_length'
Error in benchmark {'id': 45, 'ecc_type_name': 'AdaptiveECC', 'word_length': 32, 'error_pattern': 'double', 'trials_per_config': 1000, 'burst_length': 3, 'random_error_prob': 0.1, 'output_dir': 'results'}: AdaptiveECC.__init__() got an unexpected keyword argument 'word_length'
Error in benchmark {'id': 47, 'ecc_type_name': 'AdaptiveECC', 'word_length': 32, 'error_pattern': 'random', 'trials_per_config': 1000, 'burst_length': 3, 'random_error_prob': 0.1, 'output_dir': 'results'}: AdaptiveECC.__init__() got an unexpected keyword argument 'word_length'
Error in benchmark {'id': 46, 'ecc_type_name': 'AdaptiveECC', 'word_length': 32, 'error_pattern': 'burst', 'trials_per_config': 1000, 'burst_length': 3, 'random_error_prob': 0.1, 'output_dir': 'results'}: AdaptiveECC.__init__() got an unexpected keyword argument 'word_length'
Error in benchmark {'id': 48, 'ecc_type_name': 'ThreeDMemoryECC', 'word_length': 4, 'error_pattern': 'single', 'trials_per_config': 1000, 'burst_length': 3, 'random_error_prob': 0.1, 'output_dir': 'results'}: ThreeDMemoryECC.__init__() got an unexpected keyword argument 'word_length'
Error in benchmark {'id': 49, 'ecc_type_name': 'ThreeDMemoryECC', 'word_length': 4, 'error_pattern': 'double', 'trials_per_config': 1000, 'burst_length': 3, 'random_error_prob': 0.1, 'output_dir': 'results'}: ThreeDMemoryECC.__init__() got an unexpected keyword argument 'word_length'
Error in benchmark {'id': 53, 'ecc_type_name': 'ThreeDMemoryECC', 'word_length': 8, 'error_pattern': 'double', 'trials_per_config': 1000, 'burst_length': 3, 'random_error_prob': 0.1, 'output_dir': 'results'}: ThreeDMemoryECC.__init__() got an unexpected keyword argument 'word_length'
Error in benchmark {'id': 52, 'ecc_type_name': 'ThreeDMemoryECC', 'word_length': 8, 'error_pattern': 'single', 'trials_per_config': 1000, 'burst_length': 3, 'random_error_prob': 0.1, 'output_dir': 'results'}: ThreeDMemoryECC.__init__() got an unexpected keyword argument 'word_length'
Error in benchmark {'id': 54, 'ecc_type_name': 'ThreeDMemoryECC', 'word_length': 8, 'error_pattern': 'burst', 'trials_per_config': 1000, 'burst_length': 3, 'random_error_prob': 0.1, 'output_dir': 'results'}: ThreeDMemoryECC.__init__() got an unexpected keyword argument 'word_length'
Error in benchmark {'id': 50, 'ecc_type_name': 'ThreeDMemoryECC', 'word_length': 4, 'error_pattern': 'burst', 'trials_per_config': 1000, 'burst_length': 3, 'random_error_prob': 0.1, 'output_dir': 'results'}: ThreeDMemoryECC.__init__() got an unexpected keyword argument 'word_length'
Error in benchmark {'id': 55, 'ecc_type_name': 'ThreeDMemoryECC', 'word_length': 8, 'error_pattern': 'random', 'trials_per_config': 1000, 'burst_length': 3, 'random_error_prob': 0.1, 'output_dir': 'results'}: ThreeDMemoryECC.__init__() got an unexpected keyword argument 'word_length'
Error in benchmark {'id': 56, 'ecc_type_name': 'ThreeDMemoryECC', 'word_length': 16, 'error_pattern': 'single', 'trials_per_config': 1000, 'burst_length': 3, 'random_error_prob': 0.1, 'output_dir': 'results'}: ThreeDMemoryECC.__init__() got an unexpected keyword argument 'word_length'
Error in benchmark {'id': 57, 'ecc_type_name': 'ThreeDMemoryECC', 'word_length': 16, 'error_pattern': 'double', 'trials_per_config': 1000, 'burst_length': 3, 'random_error_prob': 0.1, 'output_dir': 'results'}: ThreeDMemoryECC.__init__() got an unexpected keyword argument 'word_length'
Error in benchmark {'id': 51, 'ecc_type_name': 'ThreeDMemoryECC', 'word_length': 4, 'error_pattern': 'random', 'trials_per_config': 1000, 'burst_length': 3, 'random_error_prob': 0.1, 'output_dir': 'results'}: ThreeDMemoryECC.__init__() got an unexpected keyword argument 'word_length'
🔄 Worker starting: FireCodeECC (16 bits, random errors) - 1000 trials
🔄 Worker starting: ThreeDMemoryECC (4 bits, random errors) - 1000 trials
🔄 Worker starting: ThreeDMemoryECC (32 bits, double errors) - 1000 trials
🔄 Worker starting: CyclicECC (16 bits, double errors) - 1000 trials
🔄 Worker starting: FireCodeECC (16 bits, burst errors) - 1000 trials
🔄 Worker starting: AdaptiveECC (8 bits, single errors) - 1000 trials
🔄 Worker starting: AdaptiveECC (32 bits, double errors) - 1000 trials
🔄 Worker starting: ThreeDMemoryECC (16 bits, single errors) - 1000 trials
🔄 Worker starting: CyclicECC (4 bits, random errors) - 1000 trials
🔄 Worker starting: FireCodeECC (8 bits, random errors) - 1000 trials
🔄 Worker starting: AdaptiveECC (8 bits, burst errors) - 1000 trials
🔄 Worker starting: ThreeDMemoryECC (4 bits, single errors) - 1000 trials
🔄 Worker starting: ThreeDMemoryECC (32 bits, single errors) - 1000 trials
🔄 Worker starting: CyclicECC (16 bits, single errors) - 1000 trials
🔄 Worker starting: FireCodeECC (4 bits, random errors) - 1000 trials
🔄 Worker starting: AdaptiveECC (8 bits, double errors) - 1000 trials
🔄 Worker starting: AdaptiveECC (32 bits, random errors) - 1000 trials
🔄 Worker starting: ThreeDMemoryECC (16 bits, burst errors) - 1000 trials
🔄 Worker starting: CyclicECC (8 bits, burst errors) - 1000 trials
🔄 Worker starting: FireCodeECC (8 bits, burst errors) - 1000 trials
🔄 Worker starting: AdaptiveECC (4 bits, single errors) - 1000 trials
🔄 Worker starting: AdaptiveECC (32 bits, burst errors) - 1000 trials
🔄 Worker starting: CyclicECC (16 bits, burst errors) - 1000 trials
🔄 Worker starting: CyclicECC (32 bits, double errors) - 1000 trials
🔄 Worker starting: FireCodeECC (4 bits, single errors) - 1000 trials
🔄 Worker starting: FireCodeECC (32 bits, single errors) - 1000 trials
🔄 Worker starting: FireCodeECC (32 bits, double errors) - 1000 trials
🔄 Worker starting: FireCodeECC (32 bits, burst errors) - 1000 trials
🔄 Worker starting: FireCodeECC (32 bits, random errors) - 1000 trials
🔄 Worker starting: CompositeECC (4 bits, single errors) - 1000 trials
🔄 Worker starting: CompositeECC (4 bits, double errors) - 1000 trials
🔄 Worker starting: CompositeECC (4 bits, burst errors) - 1000 trials
🔄 Worker starting: CompositeECC (4 bits, random errors) - 1000 trials
🔄 Worker starting: CompositeECC (8 bits, single errors) - 1000 trials
🔄 Worker starting: CompositeECC (8 bits, double errors) - 1000 trials
🔄 Worker starting: CompositeECC (8 bits, burst errors) - 1000 trials
🔄 Worker starting: CompositeECC (8 bits, random errors) - 1000 trials
🔄 Worker starting: CompositeECC (16 bits, single errors) - 1000 trials
🔄 Worker starting: CompositeECC (16 bits, double errors) - 1000 trials
🔄 Worker starting: CompositeECC (16 bits, burst errors) - 1000 trials
🔄 Worker starting: CompositeECC (16 bits, random errors) - 1000 trials
🔄 Worker starting: CompositeECC (32 bits, single errors) - 1000 trials
🔄 Worker starting: CompositeECC (32 bits, double errors) - 1000 trials
🔄 Worker starting: CompositeECC (32 bits, random errors) - 1000 trials
🔄 Worker starting: AdaptiveECC (16 bits, double errors) - 1000 trials
🔄 Worker starting: ThreeDMemoryECC (8 bits, single errors) - 1000 trials
🔄 Worker starting: ThreeDMemoryECC (32 bits, random errors) - 1000 trials
🔄 Worker starting: CyclicECC (16 bits, random errors) - 1000 trials
🔄 Worker starting: FireCodeECC (16 bits, single errors) - 1000 trials
🔄 Worker starting: AdaptiveECC (4 bits, burst errors) - 1000 trials
🔄 Worker starting: AdaptiveECC (16 bits, random errors) - 1000 trials
🔄 Worker starting: ThreeDMemoryECC (8 bits, double errors) - 1000 trials
🔄 Worker starting: ThreeDMemoryECC (32 bits, burst errors) - 1000 trials
🔄 Worker starting: CyclicECC (4 bits, single errors) - 1000 trials
🔄 Worker starting: FireCodeECC (4 bits, burst errors) - 1000 trials
🔄 Worker starting: AdaptiveECC (16 bits, single errors) - 1000 trials
🔄 Worker starting: ThreeDMemoryECC (4 bits, burst errors) - 1000 trials
🔄 Worker starting: CyclicECC (4 bits, double errors) - 1000 trials
🔄 Worker starting: FireCodeECC (8 bits, double errors) - 1000 trials
🔄 Worker starting: AdaptiveECC (4 bits, double errors) - 1000 trials
🔄 Worker starting: AdaptiveECC (16 bits, burst errors) - 1000 trials
🔄 Worker starting: ThreeDMemoryECC (16 bits, double errors) - 1000 trials
🔄 Worker starting: CyclicECC (8 bits, single errors) - 1000 trials
🔄 Worker starting: CyclicECC (32 bits, single errors) - 1000 trials
🔄 Worker starting: FireCodeECC (8 bits, single errors) - 1000 trials
🔄 Worker starting: AdaptiveECC (4 bits, random errors) - 1000 trials
🔄 Worker starting: AdaptiveECC (32 bits, single errors) - 1000 trials
🔄 Worker starting: ThreeDMemoryECC (8 bits, random errors) - 1000 trials
🔄 Worker starting: CyclicECC (4 bits, burst errors) - 1000 trials
🔄 Worker starting: CyclicECC (32 bits, burst errors) - 1000 trials
🔄 Worker starting: FireCodeECC (4 bits, double errors) - 1000 trials
🔄 Worker starting: CompositeECC (32 bits, burst errors) - 1000 trials
🔄 Worker starting: AdaptiveECC (8 bits, random errors) - 1000 trials
🔄 Worker starting: ThreeDMemoryECC (4 bits, double errors) - 1000 trials
🔄 Worker starting: CyclicECC (8 bits, double errors) - 1000 trials
🔄 Worker starting: FireCodeECC (16 bits, double errors) - 1000 trials
🔄 Worker starting: ThreeDMemoryECC (8 bits, burst errors) - 1000 trials
🔄 Worker starting: ThreeDMemoryECC (16 bits, random errors) - 1000 trials
🔄 Worker starting: CyclicECC (8 bits, random errors) - 1000 trials
🔄 Worker starting: CyclicECC (32 bits, random errors) - 1000 trials
Error in benchmark {'id': 58, 'ecc_type_name': 'ThreeDMemoryECC', 'word_length': 16, 'error_pattern': 'burst', 'trials_per_config': 1000, 'burst_length': 3, 'random_error_prob': 0.1, 'output_dir': 'results'}: ThreeDMemoryECC.__init__() got an unexpected keyword argument 'word_length'
Error in benchmark {'id': 59, 'ecc_type_name': 'ThreeDMemoryECC', 'word_length': 16, 'error_pattern': 'random', 'trials_per_config': 1000, 'burst_length': 3, 'random_error_prob': 0.1, 'output_dir': 'results'}: ThreeDMemoryECC.__init__() got an unexpected keyword argument 'word_length'
Error in benchmark {'id': 60, 'ecc_type_name': 'ThreeDMemoryECC', 'word_length': 32, 'error_pattern': 'single', 'trials_per_config': 1000, 'burst_length': 3, 'random_error_prob': 0.1, 'output_dir': 'results'}: ThreeDMemoryECC.__init__() got an unexpected keyword argument 'word_length'
Error in benchmark {'id': 61, 'ecc_type_name': 'ThreeDMemoryECC', 'word_length': 32, 'error_pattern': 'double', 'trials_per_config': 1000, 'burst_length': 3, 'random_error_prob': 0.1, 'output_dir': 'results'}: ThreeDMemoryECC.__init__() got an unexpected keyword argument 'word_length'
Error in benchmark {'id': 62, 'ecc_type_name': 'ThreeDMemoryECC', 'word_length': 32, 'error_pattern': 'burst', 'trials_per_config': 1000, 'burst_length': 3, 'random_error_prob': 0.1, 'output_dir': 'results'}: ThreeDMemoryECC.__init__() got an unexpected keyword argument 'word_length'
Error in benchmark {'id': 63, 'ecc_type_name': 'ThreeDMemoryECC', 'word_length': 32, 'error_pattern': 'random', 'trials_per_config': 1000, 'burst_length': 3, 'random_error_prob': 0.1, 'output_dir': 'results'}: ThreeDMemoryECC.__init__() got an unexpected keyword argument 'word_length'
Error in benchmark {'id': 74, 'ecc_type_name': 'CyclicECC', 'word_length': 16, 'error_pattern': 'burst', 'trials_per_config': 1000, 'burst_length': 3, 'random_error_prob': 0.1, 'output_dir': 'results'}: CyclicECC.__init__() got an unexpected keyword argument 'word_length'
Error in benchmark {'id': 68, 'ecc_type_name': 'CyclicECC', 'word_length': 8, 'error_pattern': 'single', 'trials_per_config': 1000, 'burst_length': 3, 'random_error_prob': 0.1, 'output_dir': 'results'}: CyclicECC.__init__() got an unexpected keyword argument 'word_length'
Error in benchmark {'id': 66, 'ecc_type_name': 'CyclicECC', 'word_length': 4, 'error_pattern': 'burst', 'trials_per_config': 1000, 'burst_length': 3, 'random_error_prob': 0.1, 'output_dir': 'results'}: CyclicECC.__init__() got an unexpected keyword argument 'word_length'
Error in benchmark {'id': 69, 'ecc_type_name': 'CyclicECC', 'word_length': 8, 'error_pattern': 'double', 'trials_per_config': 1000, 'burst_length': 3, 'random_error_prob': 0.1, 'output_dir': 'results'}: CyclicECC.__init__() got an unexpected keyword argument 'word_length'
Error in benchmark {'id': 73, 'ecc_type_name': 'CyclicECC', 'word_length': 16, 'error_pattern': 'double', 'trials_per_config': 1000, 'burst_length': 3, 'random_error_prob': 0.1, 'output_dir': 'results'}: CyclicECC.__init__() got an unexpected keyword argument 'word_length'
Error in benchmark {'id': 67, 'ecc_type_name': 'CyclicECC', 'word_length': 4, 'error_pattern': 'random', 'trials_per_config': 1000, 'burst_length': 3, 'random_error_prob': 0.1, 'output_dir': 'results'}: CyclicECC.__init__() got an unexpected keyword argument 'word_length'
Error in benchmark {'id': 72, 'ecc_type_name': 'CyclicECC', 'word_length': 16, 'error_pattern': 'single', 'trials_per_config': 1000, 'burst_length': 3, 'random_error_prob': 0.1, 'output_dir': 'results'}: CyclicECC.__init__() got an unexpected keyword argument 'word_length'
Error in benchmark {'id': 64, 'ecc_type_name': 'CyclicECC', 'word_length': 4, 'error_pattern': 'single', 'trials_per_config': 1000, 'burst_length': 3, 'random_error_prob': 0.1, 'output_dir': 'results'}: CyclicECC.__init__() got an unexpected keyword argument 'word_length'
Error in benchmark {'id': 70, 'ecc_type_name': 'CyclicECC', 'word_length': 8, 'error_pattern': 'burst', 'trials_per_config': 1000, 'burst_length': 3, 'random_error_prob': 0.1, 'output_dir': 'results'}: CyclicECC.__init__() got an unexpected keyword argument 'word_length'
Error in benchmark {'id': 71, 'ecc_type_name': 'CyclicECC', 'word_length': 8, 'error_pattern': 'random', 'trials_per_config': 1000, 'burst_length': 3, 'random_error_prob': 0.1, 'output_dir': 'results'}: CyclicECC.__init__() got an unexpected keyword argument 'word_length'
Error in benchmark {'id': 65, 'ecc_type_name': 'CyclicECC', 'word_length': 4, 'error_pattern': 'double', 'trials_per_config': 1000, 'burst_length': 3, 'random_error_prob': 0.1, 'output_dir': 'results'}: CyclicECC.__init__() got an unexpected keyword argument 'word_length'
Error in benchmark {'id': 75, 'ecc_type_name': 'CyclicECC', 'word_length': 16, 'error_pattern': 'random', 'trials_per_config': 1000, 'burst_length': 3, 'random_error_prob': 0.1, 'output_dir': 'results'}: CyclicECC.__init__() got an unexpected keyword argument 'word_length'
Error in benchmark {'id': 76, 'ecc_type_name': 'CyclicECC', 'word_length': 32, 'error_pattern': 'single', 'trials_per_config': 1000, 'burst_length': 3, 'random_error_prob': 0.1, 'output_dir': 'results'}: CyclicECC.__init__() got an unexpected keyword argument 'word_length'
Error in benchmark {'id': 77, 'ecc_type_name': 'CyclicECC', 'word_length': 32, 'error_pattern': 'double', 'trials_per_config': 1000, 'burst_length': 3, 'random_error_prob': 0.1, 'output_dir': 'results'}: CyclicECC.__init__() got an unexpected keyword argument 'word_length'
Error in benchmark {'id': 78, 'ecc_type_name': 'CyclicECC', 'word_length': 32, 'error_pattern': 'burst', 'trials_per_config': 1000, 'burst_length': 3, 'random_error_prob': 0.1, 'output_dir': 'results'}: CyclicECC.__init__() got an unexpected keyword argument 'word_length'
Error in benchmark {'id': 79, 'ecc_type_name': 'CyclicECC', 'word_length': 32, 'error_pattern': 'random', 'trials_per_config': 1000, 'burst_length': 3, 'random_error_prob': 0.1, 'output_dir': 'results'}: CyclicECC.__init__() got an unexpected keyword argument 'word_length'

✅ Benchmarking completed!
📊 Total results: 336
🎯 Successful configurations: 336
📊 Saved 336 benchmark results to results/benchmark_results.json

Benchmarking completed successfully!
Results saved to: results
Total configurations tested: 336
===== Generating Report from Benchmark Results =====
/mnt/d/proj/ecc/venv/lib/python3.10/site-packages/scipy/stats/_axis_nan_policy.py:586: RuntimeWarning: Precision loss occurred in moment calculation due to catastrophic cancellation. This occurs when the data are nearly identical. Results may be unreliable.
  res = hypotest_fun_out(*samples, **kwds)
ECC Analysis Framework
====================================
Output directory: /mnt/d/proj/ecc/results

===== Running Analysis Only =====
============================================================
ECC ANALYSIS
============================================================
Running ECC analysis...

🔍 Running ECC implementation verification...
📋 Loaded verification cache with 26 entries
🔍 Verifying all ECC implementations...
🔍 Testing 104 ECC configurations sequentially...
============================================================

📋 Testing ParityECC...
----------------------------------------

[1/104] ParityECC_4:
⏭️  Skipping ParityECC_4 - cached PASS result
  Round-trip:     100/100 (100.0%)
  Error correction: 97/100 (97.0%)
  Performance:     90/100 (90.0%)
  Overall:         ✅ PASS

[2/104] ParityECC_8:
      Creating ParityECC instance for 8 bits...
      Running round-trip tests...
          Round-trip progress: 100/100
        Round-trip: 100/100 (100.00%)
      Running error correction tests...
        Error correction: 100/100 (100.00%)
      Running performance tests...
        Performance: 100/100 (100.00%)
💾 Saved verification cache with 27 entries
  Round-trip:     100/100 (100.0%)
  Error correction: 100/100 (100.0%)
  Performance:     100/100 (100.0%)
  Overall:         ✅ PASS

[3/104] ParityECC_16:
      Creating ParityECC instance for 16 bits...
      Running round-trip tests...
          Round-trip progress: 100/100
        Round-trip: 100/100 (100.00%)
      Running error correction tests...
        Error correction: 100/100 (100.00%)
      Running performance tests...
        Performance: 100/100 (100.00%)
💾 Saved verification cache with 28 entries
  Round-trip:     100/100 (100.0%)
  Error correction: 100/100 (100.0%)
  Performance:     100/100 (100.0%)
  Overall:         ✅ PASS

[4/104] ParityECC_32:
      Creating ParityECC instance for 32 bits...
      Running round-trip tests...
          Round-trip progress: 100/100
        Round-trip: 100/100 (100.00%)
      Running error correction tests...
        Error correction: 100/100 (100.00%)
      Running performance tests...
        Performance: 100/100 (100.00%)
💾 Saved verification cache with 29 entries
  Round-trip:     100/100 (100.0%)
  Error correction: 100/100 (100.0%)
  Performance:     100/100 (100.0%)
  Overall:         ✅ PASS

📋 Testing HammingSECDEDECC...
----------------------------------------

[5/104] HammingSECDEDECC_4:
⏭️  Skipping HammingSECDEDECC_4 - cached PASS result
  Round-trip:     100/100 (100.0%)
  Error correction: 94/100 (94.0%)
  Performance:     93/100 (93.0%)
  Overall:         ✅ PASS

[6/104] HammingSECDEDECC_8:
      Creating HammingSECDEDECC instance for 8 bits...
      Running round-trip tests...
          Round-trip progress: 100/100
        Round-trip: 100/100 (100.00%)
      Running error correction tests...
        Error correction: 98/100 (98.00%)
      Running performance tests...
        Performance: 100/100 (100.00%)
💾 Saved verification cache with 30 entries
  Round-trip:     100/100 (100.0%)
  Error correction: 98/100 (98.0%)
  Performance:     100/100 (100.0%)
  Overall:         ✅ PASS

[7/104] HammingSECDEDECC_16:
      Creating HammingSECDEDECC instance for 16 bits...
      Running round-trip tests...
          Round-trip progress: 100/100
        Round-trip: 100/100 (100.00%)
      Running error correction tests...
        Error correction: 100/100 (100.00%)
      Running performance tests...
        Performance: 100/100 (100.00%)
💾 Saved verification cache with 31 entries
  Round-trip:     100/100 (100.0%)
  Error correction: 100/100 (100.0%)
  Performance:     100/100 (100.0%)
  Overall:         ✅ PASS

[8/104] HammingSECDEDECC_32:
      Creating HammingSECDEDECC instance for 32 bits...
      Running round-trip tests...
          Round-trip progress: 100/100
        Round-trip: 100/100 (100.00%)
      Running error correction tests...
        Error correction: 100/100 (100.00%)
      Running performance tests...
        Performance: 100/100 (100.00%)
💾 Saved verification cache with 32 entries
  Round-trip:     100/100 (100.0%)
  Error correction: 100/100 (100.0%)
  Performance:     100/100 (100.0%)
  Overall:         ✅ PASS

📋 Testing RepetitionECC...
----------------------------------------

[9/104] RepetitionECC_4:
⏭️  Skipping RepetitionECC_4 - cached PASS result
  Round-trip:     100/100 (100.0%)
  Error correction: 93/100 (93.0%)
  Performance:     94/100 (94.0%)
  Overall:         ✅ PASS

[10/104] RepetitionECC_8:
      Creating RepetitionECC instance for 8 bits...
      Running round-trip tests...
          Round-trip progress: 100/100
        Round-trip: 100/100 (100.00%)
      Running error correction tests...
        Error correction: 100/100 (100.00%)
      Running performance tests...
        Performance: 100/100 (100.00%)
💾 Saved verification cache with 33 entries
  Round-trip:     100/100 (100.0%)
  Error correction: 100/100 (100.0%)
  Performance:     100/100 (100.0%)
  Overall:         ✅ PASS

[11/104] RepetitionECC_16:
      Creating RepetitionECC instance for 16 bits...
      Running round-trip tests...
          Round-trip progress: 100/100
        Round-trip: 100/100 (100.00%)
      Running error correction tests...
        Error correction: 100/100 (100.00%)
      Running performance tests...
        Performance: 100/100 (100.00%)
💾 Saved verification cache with 34 entries
  Round-trip:     100/100 (100.0%)
  Error correction: 100/100 (100.0%)
  Performance:     100/100 (100.0%)
  Overall:         ✅ PASS

[12/104] RepetitionECC_32:
      Creating RepetitionECC instance for 32 bits...
      Running round-trip tests...
          Round-trip progress: 100/100
        Round-trip: 100/100 (100.00%)
      Running error correction tests...
        Error correction: 100/100 (100.00%)
      Running performance tests...
        Performance: 100/100 (100.00%)
💾 Saved verification cache with 35 entries
  Round-trip:     100/100 (100.0%)
  Error correction: 100/100 (100.0%)
  Performance:     100/100 (100.0%)
  Overall:         ✅ PASS

📋 Testing BCHECC...
----------------------------------------

[13/104] BCHECC_4:
⏭️  Skipping BCHECC_4 - cached PASS result
  Round-trip:     100/100 (100.0%)
  Error correction: 93/100 (93.0%)
  Performance:     97/100 (97.0%)
  Overall:         ✅ PASS

[14/104] BCHECC_8:
      Creating BCHECC instance for 8 bits...
      Running round-trip tests...
          Round-trip progress: 100/100
        Round-trip: 100/100 (100.00%)
      Running error correction tests...
        Error correction: 99/100 (99.00%)
      Running performance tests...
        Performance: 100/100 (100.00%)
💾 Saved verification cache with 36 entries
  Round-trip:     100/100 (100.0%)
  Error correction: 99/100 (99.0%)
  Performance:     100/100 (100.0%)
  Overall:         ✅ PASS

[15/104] BCHECC_16:
      Creating BCHECC instance for 16 bits...
      Running round-trip tests...
          Round-trip progress: 100/100
        Round-trip: 100/100 (100.00%)
      Running error correction tests...
        Error correction: 100/100 (100.00%)
      Running performance tests...
        Performance: 100/100 (100.00%)
💾 Saved verification cache with 37 entries
  Round-trip:     100/100 (100.0%)
  Error correction: 100/100 (100.0%)
  Performance:     100/100 (100.0%)
  Overall:         ✅ PASS

[16/104] BCHECC_32:
      Creating BCHECC instance for 32 bits...
      Running round-trip tests...
          Round-trip progress: 100/100
        Round-trip: 100/100 (100.00%)
      Running error correction tests...
        Error correction: 100/100 (100.00%)
      Running performance tests...
        Performance: 100/100 (100.00%)
💾 Saved verification cache with 38 entries
  Round-trip:     100/100 (100.0%)
  Error correction: 100/100 (100.0%)
  Performance:     100/100 (100.0%)
  Overall:         ✅ PASS

📋 Testing ReedSolomonECC...
----------------------------------------

[17/104] ReedSolomonECC_4:
⏭️  Skipping ReedSolomonECC_4 - cached PASS result
  Round-trip:     100/100 (100.0%)
  Error correction: 92/100 (92.0%)
  Performance:     97/100 (97.0%)
  Overall:         ✅ PASS

[18/104] ReedSolomonECC_8:
      Creating ReedSolomonECC instance for 8 bits...
      Running round-trip tests...
          Round-trip progress: 100/100
        Round-trip: 100/100 (100.00%)
      Running error correction tests...
        Error correction: 99/100 (99.00%)
      Running performance tests...
        Performance: 100/100 (100.00%)
💾 Saved verification cache with 39 entries
  Round-trip:     100/100 (100.0%)
  Error correction: 99/100 (99.0%)
  Performance:     100/100 (100.0%)
  Overall:         ✅ PASS

[19/104] ReedSolomonECC_16:
      Creating ReedSolomonECC instance for 16 bits...
      Running round-trip tests...
          Round-trip progress: 100/100
        Round-trip: 100/100 (100.00%)
      Running error correction tests...
        Error correction: 100/100 (100.00%)
      Running performance tests...
        Performance: 100/100 (100.00%)
💾 Saved verification cache with 40 entries
  Round-trip:     100/100 (100.0%)
  Error correction: 100/100 (100.0%)
  Performance:     100/100 (100.0%)
  Overall:         ✅ PASS

[20/104] ReedSolomonECC_32:
      Creating ReedSolomonECC instance for 32 bits...
      Running round-trip tests...
          Round-trip progress: 100/100
        Round-trip: 100/100 (100.00%)
      Running error correction tests...
        Error correction: 100/100 (100.00%)
      Running performance tests...
        Performance: 100/100 (100.00%)
💾 Saved verification cache with 41 entries
  Round-trip:     100/100 (100.0%)
  Error correction: 100/100 (100.0%)
  Performance:     100/100 (100.0%)
  Overall:         ✅ PASS

📋 Testing CRCECC...
----------------------------------------

[21/104] CRCECC_4:
⏭️  Skipping CRCECC_4 - cached PASS result
  Round-trip:     100/100 (100.0%)
  Error correction: 95/100 (95.0%)
  Performance:     93/100 (93.0%)
  Overall:         ✅ PASS

[22/104] CRCECC_8:
      Creating CRCECC instance for 8 bits...
      Running round-trip tests...
          Round-trip progress: 100/100
        Round-trip: 100/100 (100.00%)
      Running error correction tests...
        Error correction: 100/100 (100.00%)
      Running performance tests...
        Performance: 99/100 (99.00%)
💾 Saved verification cache with 42 entries
  Round-trip:     100/100 (100.0%)
  Error correction: 100/100 (100.0%)
  Performance:     99/100 (99.0%)
  Overall:         ✅ PASS

[23/104] CRCECC_16:
      Creating CRCECC instance for 16 bits...
      Running round-trip tests...
          Round-trip progress: 100/100
        Round-trip: 100/100 (100.00%)
      Running error correction tests...
        Error correction: 100/100 (100.00%)
      Running performance tests...
        Performance: 100/100 (100.00%)
💾 Saved verification cache with 43 entries
  Round-trip:     100/100 (100.0%)
  Error correction: 100/100 (100.0%)
  Performance:     100/100 (100.0%)
  Overall:         ✅ PASS

[24/104] CRCECC_32:
      Creating CRCECC instance for 32 bits...
      Running round-trip tests...
          Round-trip progress: 100/100
        Round-trip: 100/100 (100.00%)
      Running error correction tests...
        Error correction: 100/100 (100.00%)
      Running performance tests...
        Performance: 100/100 (100.00%)
💾 Saved verification cache with 44 entries
  Round-trip:     100/100 (100.0%)
  Error correction: 100/100 (100.0%)
  Performance:     100/100 (100.0%)
  Overall:         ✅ PASS

📋 Testing GolayECC...
----------------------------------------

[25/104] GolayECC_4:
⏭️  Skipping GolayECC_4 - cached PASS result
  Round-trip:     100/100 (100.0%)
  Error correction: 94/100 (94.0%)
  Performance:     97/100 (97.0%)
  Overall:         ✅ PASS

[26/104] GolayECC_8:
      Creating GolayECC instance for 8 bits...
      Running round-trip tests...
          Round-trip progress: 100/100
        Round-trip: 100/100 (100.00%)
      Running error correction tests...
        Error correction: 100/100 (100.00%)
      Running performance tests...
        Performance: 99/100 (99.00%)
💾 Saved verification cache with 45 entries
  Round-trip:     100/100 (100.0%)
  Error correction: 100/100 (100.0%)
  Performance:     99/100 (99.0%)
  Overall:         ✅ PASS

[27/104] GolayECC_16:
      Creating GolayECC instance for 16 bits...
      Running round-trip tests...
          Round-trip progress: 100/100
        Round-trip: 100/100 (100.00%)
      Running error correction tests...
        Error correction: 100/100 (100.00%)
      Running performance tests...
        Performance: 100/100 (100.00%)
💾 Saved verification cache with 46 entries
  Round-trip:     100/100 (100.0%)
  Error correction: 100/100 (100.0%)
  Performance:     100/100 (100.0%)
  Overall:         ✅ PASS

[28/104] GolayECC_32:
      Creating GolayECC instance for 32 bits...
      Running round-trip tests...
          Round-trip progress: 100/100
        Round-trip: 100/100 (100.00%)
      Running error correction tests...
        Error correction: 100/100 (100.00%)
      Running performance tests...
        Performance: 100/100 (100.00%)
💾 Saved verification cache with 47 entries
  Round-trip:     100/100 (100.0%)
  Error correction: 100/100 (100.0%)
  Performance:     100/100 (100.0%)
  Overall:         ✅ PASS

📋 Testing LDPCECC...
----------------------------------------

[29/104] LDPCECC_4:
⏭️  Skipping LDPCECC_4 - cached PASS result
  Round-trip:     100/100 (100.0%)
  Error correction: 94/100 (94.0%)
  Performance:     96/100 (96.0%)
  Overall:         ✅ PASS

[30/104] LDPCECC_8:
      Creating LDPCECC instance for 8 bits...
      Running round-trip tests...
          Round-trip progress: 100/100
        Round-trip: 100/100 (100.00%)
      Running error correction tests...
        Error correction: 99/100 (99.00%)
      Running performance tests...
        Performance: 98/100 (98.00%)
💾 Saved verification cache with 48 entries
  Round-trip:     100/100 (100.0%)
  Error correction: 99/100 (99.0%)
  Performance:     98/100 (98.0%)
  Overall:         ✅ PASS

[31/104] LDPCECC_16:
      Creating LDPCECC instance for 16 bits...
      Running round-trip tests...
          Round-trip progress: 100/100
        Round-trip: 100/100 (100.00%)
      Running error correction tests...
        Error correction: 100/100 (100.00%)
      Running performance tests...
        Performance: 100/100 (100.00%)
💾 Saved verification cache with 49 entries
  Round-trip:     100/100 (100.0%)
  Error correction: 100/100 (100.0%)
  Performance:     100/100 (100.0%)
  Overall:         ✅ PASS

[32/104] LDPCECC_32:
      Creating LDPCECC instance for 32 bits...
      Running round-trip tests...
          Round-trip progress: 100/100
        Round-trip: 100/100 (100.00%)
      Running error correction tests...
        Error correction: 100/100 (100.00%)
      Running performance tests...
        Performance: 100/100 (100.00%)
💾 Saved verification cache with 50 entries
  Round-trip:     100/100 (100.0%)
  Error correction: 100/100 (100.0%)
  Performance:     100/100 (100.0%)
  Overall:         ✅ PASS

📋 Testing TurboECC...
----------------------------------------

[33/104] TurboECC_4:
⏭️  Skipping TurboECC_4 - cached PASS result
  Round-trip:     100/100 (100.0%)
  Error correction: 100/100 (100.0%)
  Performance:     100/100 (100.0%)
  Overall:         ✅ PASS

[34/104] TurboECC_8:
      Creating TurboECC instance for 8 bits...
      Running round-trip tests...
          Round-trip progress: 100/100
        Round-trip: 100/100 (100.00%)
      Running error correction tests...
        Error correction: 100/100 (100.00%)
      Running performance tests...
        Performance: 100/100 (100.00%)
💾 Saved verification cache with 51 entries
  Round-trip:     100/100 (100.0%)
  Error correction: 100/100 (100.0%)
  Performance:     100/100 (100.0%)
  Overall:         ✅ PASS

[35/104] TurboECC_16:
      Creating TurboECC instance for 16 bits...
      Running round-trip tests...
          Round-trip progress: 100/100
        Round-trip: 100/100 (100.00%)
      Running error correction tests...
